---
add:
  config:
  - check ISA:=regex(.*I.*)
  mnemonics:
    add: 0
    coverage: 0/1
  op_comb:
    rs1 != rs2  and rs1 != rd and rs2 != rd: 0
    rs1 == rd != rs2: 0
    rs1 == rs2 != rd: 0
    rs1 == rs2 == rd: 0
    rs2 == rd != rs1: 0
    coverage: 0/5
  rd:
    x0: 0
    x1: 0
    x10: 0
    x11: 0
    x12: 0
    x13: 0
    x14: 0
    x15: 0
    x16: 0
    x17: 0
    x18: 0
    x19: 0
    x2: 0
    x20: 0
    x21: 0
    x22: 0
    x23: 0
    x24: 0
    x25: 0
    x26: 0
    x27: 0
    x28: 0
    x29: 0
    x3: 0
    x30: 0
    x31: 0
    x4: 0
    x5: 0
    x6: 0
    x7: 0
    x8: 0
    x9: 0
    coverage: 0/32
  rs1:
    x0: 0
    x1: 0
    x10: 0
    x11: 0
    x12: 0
    x13: 0
    x14: 0
    x15: 0
    x16: 0
    x17: 0
    x18: 0
    x19: 0
    x2: 0
    x20: 0
    x21: 0
    x22: 0
    x23: 0
    x24: 0
    x25: 0
    x26: 0
    x27: 0
    x28: 0
    x29: 0
    x3: 0
    x30: 0
    x31: 0
    x4: 0
    x5: 0
    x6: 0
    x7: 0
    x8: 0
    x9: 0
    coverage: 0/32
  rs2:
    x0: 0
    x1: 0
    x10: 0
    x11: 0
    x12: 0
    x13: 0
    x14: 0
    x15: 0
    x16: 0
    x17: 0
    x18: 0
    x19: 0
    x2: 0
    x20: 0
    x21: 0
    x22: 0
    x23: 0
    x24: 0
    x25: 0
    x26: 0
    x27: 0
    x28: 0
    x29: 0
    x3: 0
    x30: 0
    x31: 0
    x4: 0
    x5: 0
    x6: 0
    x7: 0
    x8: 0
    x9: 0
    coverage: 0/32
  val_comb:
    rs1_val != rs2_val: 0
    rs1_val < 0 and rs2_val < 0: 0
    rs1_val < 0 and rs2_val > 0: 0
    rs1_val == (-2**(xlen-1)): 0
    rs1_val == (2**(xlen-1)-1): 0
    rs1_val == 0: 0
    rs1_val==3 and rs2_val==3: 0
    rs2_val == -2: 0
    rs2_val == -3: 0
    rs2_val == -5: 0
    rs2_val == -9: 0
    rs2_val == -17: 0
    rs2_val == -33: 0
    rs2_val == -65: 0
    rs2_val == -129: 0
    rs2_val == -257: 0
    rs2_val == -513: 0
    rs2_val == -1025: 0
    rs2_val == -2049: 0
    rs2_val == -4097: 0
    rs2_val == -8193: 0
    rs2_val == -16385: 0
    rs2_val == -32769: 0
    rs2_val == -65537: 0
    rs2_val == -131073: 0
    rs2_val == -262145: 0
    rs2_val == -524289: 0
    rs2_val == -1048577: 0
    rs2_val == -2097153: 0
    rs2_val == -4194305: 0
    rs2_val == -8388609: 0
    rs2_val == -16777217: 0
    rs2_val == -33554433: 0
    rs2_val == -67108865: 0
    rs2_val == -134217729: 0
    rs2_val == -268435457: 0
    rs2_val == -536870913: 0
    rs2_val == -1073741825: 0
    rs2_val == 2147483647: 0
    rs1_val == -2: 0
    rs1_val == -3: 0
    rs1_val == -5: 0
    rs1_val == -9: 0
    rs1_val == -17: 0
    rs1_val == -33: 0
    rs1_val == -65: 0
    rs1_val == -129: 0
    rs1_val == -257: 0
    rs1_val == -513: 0
    rs1_val == -1025: 0
    rs1_val == -2049: 0
    rs1_val == -4097: 0
    rs1_val == -8193: 0
    rs1_val == -16385: 0
    rs1_val == -32769: 0
    rs1_val == -65537: 0
    rs1_val == -131073: 0
    rs1_val == -262145: 0
    rs1_val == -524289: 0
    rs1_val == -1048577: 0
    rs1_val == -2097153: 0
    rs1_val == -4194305: 0
    rs1_val == -8388609: 0
    rs1_val == -16777217: 0
    rs1_val == -33554433: 0
    rs1_val == -67108865: 0
    rs1_val == -134217729: 0
    rs1_val == -268435457: 0
    rs1_val == -536870913: 0
    rs1_val == -1073741825: 0
    rs1_val == 2147483647: 0
    rs2_val == 1: 0
    rs2_val == 2: 0
    rs2_val == 4: 0
    rs2_val == 8: 0
    rs2_val == 16: 0
    rs2_val == 32: 0
    rs2_val == 64: 0
    rs2_val == 128: 0
    rs2_val == 256: 0
    rs2_val == 512: 0
    rs2_val == 1024: 0
    rs2_val == 2048: 0
    rs2_val == 4096: 0
    rs2_val == 8192: 0
    rs2_val == 16384: 0
    rs2_val == 32768: 0
    rs2_val == 65536: 0
    rs2_val == 131072: 0
    rs2_val == 262144: 0
    rs2_val == 524288: 0
    rs2_val == 1048576: 0
    rs2_val == 2097152: 0
    rs2_val == 4194304: 0
    rs2_val == 8388608: 0
    rs2_val == 16777216: 0
    rs2_val == 33554432: 0
    rs2_val == 67108864: 0
    rs2_val == 134217728: 0
    rs2_val == 268435456: 0
    rs2_val == 536870912: 0
    rs2_val == 1073741824: 0
    rs2_val == -2147483648: 0
    rs1_val == 1: 0
    rs1_val == 2: 0
    rs1_val == 4: 0
    rs1_val == 8: 0
    rs1_val == 16: 0
    rs1_val == 32: 0
    rs1_val == 64: 0
    rs1_val == 128: 0
    rs1_val == 256: 0
    rs1_val == 512: 0
    rs1_val == 1024: 0
    rs1_val == 2048: 0
    rs1_val == 4096: 0
    rs1_val == 8192: 0
    rs1_val == 16384: 0
    rs1_val == 32768: 0
    rs1_val == 65536: 0
    rs1_val == 131072: 0
    rs1_val == 262144: 0
    rs1_val == 524288: 0
    rs1_val == 1048576: 0
    rs1_val == 2097152: 0
    rs1_val == 4194304: 0
    rs1_val == 8388608: 0
    rs1_val == 16777216: 0
    rs1_val == 33554432: 0
    rs1_val == 67108864: 0
    rs1_val == 134217728: 0
    rs1_val == 268435456: 0
    rs1_val == 536870912: 0
    rs1_val == 1073741824: 0
    rs1_val == -2147483648: 0
    rs1_val==3 and rs2_val==1431655765: 0
    rs1_val==3 and rs2_val==-1431655766: 0
    rs1_val==3 and rs2_val==5: 0
    rs1_val==3 and rs2_val==858993459: 0
    rs1_val==3 and rs2_val==1717986918: 0
    rs2_val == 1431655765: 0
    rs1_val==3 and rs2_val==-46340: 0
    rs1_val==3 and rs2_val==46340: 0
    rs1_val==3 and rs2_val==2: 0
    rs1_val==3 and rs2_val==1431655764: 0
    rs1_val==3 and rs2_val==858993458: 0
    rs1_val==3 and rs2_val==1717986917: 0
    rs2_val == -1431655766: 0
    rs1_val == 1431655765: 0
    rs1_val==3 and rs2_val==0: 0
    rs1_val==3 and rs2_val==46339: 0
    rs1_val == -1431655766: 0
    rs1_val==3 and rs2_val==4: 0
    rs1_val==3 and rs2_val==1431655766: 0
    rs1_val==3 and rs2_val==-1431655765: 0
    rs1_val==3 and rs2_val==6: 0
    rs1_val==3 and rs2_val==858993460: 0
    rs1_val==3 and rs2_val==1717986919: 0
    rs1_val == rs2_val: 0
    rs1_val==3 and rs2_val==-46339: 0
    rs1_val==3 and rs2_val==46341: 0
    rs1_val==1431655765 and rs2_val==3: 0
    rs1_val==1431655765 and rs2_val==1431655765: 0
    rs1_val==1431655765 and rs2_val==-1431655766: 0
    rs1_val==1431655765 and rs2_val==5: 0
    rs1_val==1431655765 and rs2_val==858993459: 0
    rs1_val==1431655765 and rs2_val==1717986918: 0
    rs1_val > 0 and rs2_val < 0: 0
    rs1_val==1431655765 and rs2_val==-46340: 0
    rs1_val==1431655765 and rs2_val==46340: 0
    rs1_val==1431655765 and rs2_val==2: 0
    rs1_val==1431655765 and rs2_val==1431655764: 0
    rs1_val==1431655765 and rs2_val==858993458: 0
    rs1_val==1431655765 and rs2_val==1717986917: 0
    rs1_val > 0 and rs2_val > 0: 0
    rs2_val == (-2**(xlen-1)): 0
    rs1_val==1431655765 and rs2_val==0: 0
    rs1_val==1431655765 and rs2_val==46339: 0
    rs2_val == (2**(xlen-1)-1): 0
    rs1_val==1431655765 and rs2_val==4: 0
    rs1_val==1431655765 and rs2_val==1431655766: 0
    rs1_val==1431655765 and rs2_val==-1431655765: 0
    rs1_val==1431655765 and rs2_val==6: 0
    rs1_val==1431655765 and rs2_val==858993460: 0
    rs1_val==1431655765 and rs2_val==1717986919: 0
    rs2_val == 0: 0
    rs1_val==1431655765 and rs2_val==-46339: 0
    rs1_val==1431655765 and rs2_val==46341: 0
    rs1_val==-1431655766 and rs2_val==3: 0
    rs1_val==-1431655766 and rs2_val==1431655765: 0
    rs1_val==-1431655766 and rs2_val==-1431655766: 0
    rs1_val==-1431655766 and rs2_val==5: 0
    rs1_val==-1431655766 and rs2_val==858993459: 0
    rs1_val==-1431655766 and rs2_val==1717986918: 0
    rs1_val==-1431655766 and rs2_val==-46340: 0
    rs1_val==-1431655766 and rs2_val==46340: 0
    rs1_val==-1431655766 and rs2_val==2: 0
    rs1_val==-1431655766 and rs2_val==1431655764: 0
    rs1_val==-1431655766 and rs2_val==858993458: 0
    rs1_val==-1431655766 and rs2_val==1717986917: 0
    rs1_val==-1431655766 and rs2_val==0: 0
    rs1_val==-1431655766 and rs2_val==46339: 0
    rs1_val==-1431655766 and rs2_val==4: 0
    rs1_val==-1431655766 and rs2_val==1431655766: 0
    rs1_val==-1431655766 and rs2_val==-1431655765: 0
    rs1_val==-1431655766 and rs2_val==6: 0
    rs1_val==-1431655766 and rs2_val==858993460: 0
    rs1_val==-1431655766 and rs2_val==1717986919: 0
    rs1_val==-1431655766 and rs2_val==-46339: 0
    rs1_val==-1431655766 and rs2_val==46341: 0
    rs1_val==5 and rs2_val==3: 0
    rs1_val==5 and rs2_val==1431655765: 0
    rs1_val==5 and rs2_val==-1431655766: 0
    rs1_val==5 and rs2_val==5: 0
    rs1_val==5 and rs2_val==858993459: 0
    rs1_val==5 and rs2_val==1717986918: 0
    rs1_val==5 and rs2_val==-46340: 0
    rs1_val==5 and rs2_val==46340: 0
    rs1_val==5 and rs2_val==2: 0
    rs1_val==5 and rs2_val==1431655764: 0
    rs1_val==5 and rs2_val==858993458: 0
    rs1_val==5 and rs2_val==1717986917: 0
    rs1_val==5 and rs2_val==0: 0
    rs1_val==5 and rs2_val==46339: 0
    rs1_val==5 and rs2_val==4: 0
    rs1_val==5 and rs2_val==1431655766: 0
    rs1_val==5 and rs2_val==-1431655765: 0
    rs1_val==5 and rs2_val==6: 0
    rs1_val==5 and rs2_val==858993460: 0
    rs1_val==5 and rs2_val==1717986919: 0
    rs1_val==5 and rs2_val==-46339: 0
    rs1_val==5 and rs2_val==46341: 0
    rs1_val==858993459 and rs2_val==3: 0
    rs1_val==858993459 and rs2_val==1431655765: 0
    rs1_val==858993459 and rs2_val==-1431655766: 0
    rs1_val==858993459 and rs2_val==5: 0
    rs1_val==858993459 and rs2_val==858993459: 0
    rs1_val==858993459 and rs2_val==1717986918: 0
    rs1_val==858993459 and rs2_val==-46340: 0
    rs1_val==858993459 and rs2_val==46340: 0
    rs1_val==858993459 and rs2_val==2: 0
    rs1_val==858993459 and rs2_val==1431655764: 0
    rs1_val==858993459 and rs2_val==858993458: 0
    rs1_val==858993459 and rs2_val==1717986917: 0
    rs1_val==858993459 and rs2_val==0: 0
    rs1_val==858993459 and rs2_val==46339: 0
    rs1_val==858993459 and rs2_val==4: 0
    rs1_val==858993459 and rs2_val==1431655766: 0
    rs1_val==858993459 and rs2_val==-1431655765: 0
    rs1_val==858993459 and rs2_val==6: 0
    rs1_val==858993459 and rs2_val==858993460: 0
    rs1_val==858993459 and rs2_val==1717986919: 0
    rs1_val==858993459 and rs2_val==-46339: 0
    rs1_val==858993459 and rs2_val==46341: 0
    rs1_val==1717986918 and rs2_val==3: 0
    rs1_val==1717986918 and rs2_val==1431655765: 0
    rs1_val==1717986918 and rs2_val==-1431655766: 0
    rs1_val==1717986918 and rs2_val==5: 0
    rs1_val==1717986918 and rs2_val==858993459: 0
    rs1_val==1717986918 and rs2_val==1717986918: 0
    rs1_val==1717986918 and rs2_val==-46340: 0
    rs1_val==1717986918 and rs2_val==46340: 0
    rs1_val==1717986918 and rs2_val==2: 0
    rs1_val==1717986918 and rs2_val==1431655764: 0
    rs1_val==1717986918 and rs2_val==858993458: 0
    rs1_val==1717986918 and rs2_val==1717986917: 0
    rs1_val==1717986918 and rs2_val==0: 0
    rs1_val==1717986918 and rs2_val==46339: 0
    rs1_val==1717986918 and rs2_val==4: 0
    rs1_val==1717986918 and rs2_val==1431655766: 0
    rs1_val==1717986918 and rs2_val==-1431655765: 0
    rs1_val==1717986918 and rs2_val==6: 0
    rs1_val==1717986918 and rs2_val==858993460: 0
    rs1_val==1717986918 and rs2_val==1717986919: 0
    rs1_val==1717986918 and rs2_val==-46339: 0
    rs1_val==1717986918 and rs2_val==46341: 0
    rs1_val==-46340 and rs2_val==3: 0
    rs1_val==-46340 and rs2_val==1431655765: 0
    rs1_val==-46340 and rs2_val==-1431655766: 0
    rs1_val==-46340 and rs2_val==5: 0
    rs1_val==-46340 and rs2_val==858993459: 0
    rs1_val==-46340 and rs2_val==1717986918: 0
    rs1_val==-46340 and rs2_val==-46340: 0
    rs1_val==-46340 and rs2_val==46340: 0
    rs1_val==-46340 and rs2_val==2: 0
    rs1_val==-46340 and rs2_val==1431655764: 0
    rs1_val==-46340 and rs2_val==858993458: 0
    rs1_val==-46340 and rs2_val==1717986917: 0
    rs1_val==-46340 and rs2_val==0: 0
    rs1_val==-46340 and rs2_val==46339: 0
    rs1_val==-46340 and rs2_val==4: 0
    rs1_val==-46340 and rs2_val==1431655766: 0
    rs1_val==-46340 and rs2_val==-1431655765: 0
    rs1_val==-46340 and rs2_val==6: 0
    rs1_val==-46340 and rs2_val==858993460: 0
    rs1_val==-46340 and rs2_val==1717986919: 0
    rs1_val==-46340 and rs2_val==-46339: 0
    rs1_val==-46340 and rs2_val==46341: 0
    rs1_val==46340 and rs2_val==3: 0
    rs1_val==46340 and rs2_val==1431655765: 0
    rs1_val==46340 and rs2_val==-1431655766: 0
    rs1_val==46340 and rs2_val==5: 0
    rs1_val==46340 and rs2_val==858993459: 0
    rs1_val==46340 and rs2_val==1717986918: 0
    rs1_val==46340 and rs2_val==-46340: 0
    rs1_val==46340 and rs2_val==46340: 0
    rs1_val==46340 and rs2_val==2: 0
    rs1_val==46340 and rs2_val==1431655764: 0
    rs1_val==46340 and rs2_val==858993458: 0
    rs1_val==46340 and rs2_val==1717986917: 0
    rs1_val==46340 and rs2_val==0: 0
    rs1_val==46340 and rs2_val==46339: 0
    rs1_val==46340 and rs2_val==4: 0
    rs1_val==46340 and rs2_val==1431655766: 0
    rs1_val==46340 and rs2_val==-1431655765: 0
    rs1_val==46340 and rs2_val==6: 0
    rs1_val==46340 and rs2_val==858993460: 0
    rs1_val==46340 and rs2_val==1717986919: 0
    rs1_val==46340 and rs2_val==-46339: 0
    rs1_val==46340 and rs2_val==46341: 0
    rs1_val==2 and rs2_val==3: 0
    rs1_val==2 and rs2_val==1431655765: 0
    rs1_val==2 and rs2_val==-1431655766: 0
    rs1_val==2 and rs2_val==5: 0
    rs1_val==2 and rs2_val==858993459: 0
    rs1_val==2 and rs2_val==1717986918: 0
    rs1_val==2 and rs2_val==-46340: 0
    rs1_val==2 and rs2_val==46340: 0
    rs1_val==2 and rs2_val==2: 0
    rs1_val==2 and rs2_val==1431655764: 0
    rs1_val==2 and rs2_val==858993458: 0
    rs1_val==2 and rs2_val==1717986917: 0
    rs1_val==2 and rs2_val==0: 0
    rs1_val==2 and rs2_val==46339: 0
    rs1_val==2 and rs2_val==4: 0
    rs1_val==2 and rs2_val==1431655766: 0
    rs1_val==2 and rs2_val==-1431655765: 0
    rs1_val==2 and rs2_val==6: 0
    rs1_val==2 and rs2_val==858993460: 0
    rs1_val==2 and rs2_val==1717986919: 0
    rs1_val==2 and rs2_val==-46339: 0
    rs1_val==2 and rs2_val==46341: 0
    rs1_val==1431655764 and rs2_val==3: 0
    rs1_val==1431655764 and rs2_val==1431655765: 0
    rs1_val==1431655764 and rs2_val==-1431655766: 0
    rs1_val==1431655764 and rs2_val==5: 0
    rs1_val==1431655764 and rs2_val==858993459: 0
    rs1_val==1431655764 and rs2_val==1717986918: 0
    rs1_val==1431655764 and rs2_val==-46340: 0
    rs1_val==1431655764 and rs2_val==46340: 0
    rs1_val==1431655764 and rs2_val==2: 0
    rs1_val==1431655764 and rs2_val==1431655764: 0
    rs1_val==1431655764 and rs2_val==858993458: 0
    rs1_val==1431655764 and rs2_val==1717986917: 0
    rs1_val==1431655764 and rs2_val==0: 0
    rs1_val==1431655764 and rs2_val==46339: 0
    rs1_val==1431655764 and rs2_val==4: 0
    rs1_val==1431655764 and rs2_val==1431655766: 0
    rs1_val==1431655764 and rs2_val==-1431655765: 0
    rs1_val==1431655764 and rs2_val==6: 0
    rs1_val==1431655764 and rs2_val==858993460: 0
    rs1_val==1431655764 and rs2_val==1717986919: 0
    rs1_val==1431655764 and rs2_val==-46339: 0
    rs1_val==1431655764 and rs2_val==46341: 0
    rs1_val==858993458 and rs2_val==3: 0
    rs1_val==858993458 and rs2_val==1431655765: 0
    rs1_val==858993458 and rs2_val==-1431655766: 0
    rs1_val==858993458 and rs2_val==5: 0
    rs1_val==858993458 and rs2_val==858993459: 0
    rs1_val==858993458 and rs2_val==1717986918: 0
    rs1_val==858993458 and rs2_val==-46340: 0
    rs1_val==858993458 and rs2_val==46340: 0
    rs1_val==858993458 and rs2_val==2: 0
    rs1_val==858993458 and rs2_val==1431655764: 0
    rs1_val==858993458 and rs2_val==858993458: 0
    rs1_val==858993458 and rs2_val==1717986917: 0
    rs1_val==858993458 and rs2_val==0: 0
    rs1_val==858993458 and rs2_val==46339: 0
    rs1_val==858993458 and rs2_val==4: 0
    rs1_val==858993458 and rs2_val==1431655766: 0
    rs1_val==858993458 and rs2_val==-1431655765: 0
    rs1_val==858993458 and rs2_val==6: 0
    rs1_val==858993458 and rs2_val==858993460: 0
    rs1_val==858993458 and rs2_val==1717986919: 0
    rs1_val==858993458 and rs2_val==-46339: 0
    rs1_val==858993458 and rs2_val==46341: 0
    rs1_val==1717986917 and rs2_val==3: 0
    rs1_val==1717986917 and rs2_val==1431655765: 0
    rs1_val==1717986917 and rs2_val==-1431655766: 0
    rs1_val==1717986917 and rs2_val==5: 0
    rs1_val==1717986917 and rs2_val==858993459: 0
    rs1_val==1717986917 and rs2_val==1717986918: 0
    rs1_val==1717986917 and rs2_val==-46340: 0
    rs1_val==1717986917 and rs2_val==46340: 0
    rs1_val==1717986917 and rs2_val==2: 0
    rs1_val==1717986917 and rs2_val==1431655764: 0
    rs1_val==1717986917 and rs2_val==858993458: 0
    rs1_val==1717986917 and rs2_val==1717986917: 0
    rs1_val==1717986917 and rs2_val==0: 0
    rs1_val==1717986917 and rs2_val==46339: 0
    rs1_val==1717986917 and rs2_val==4: 0
    rs1_val==1717986917 and rs2_val==1431655766: 0
    rs1_val==1717986917 and rs2_val==-1431655765: 0
    rs1_val==1717986917 and rs2_val==6: 0
    rs1_val==1717986917 and rs2_val==858993460: 0
    rs1_val==1717986917 and rs2_val==1717986919: 0
    rs1_val==1717986917 and rs2_val==-46339: 0
    rs1_val==1717986917 and rs2_val==46341: 0
    rs1_val==0 and rs2_val==3: 0
    rs1_val==0 and rs2_val==1431655765: 0
    rs1_val==0 and rs2_val==-1431655766: 0
    rs1_val==0 and rs2_val==5: 0
    rs1_val==0 and rs2_val==858993459: 0
    rs1_val==0 and rs2_val==1717986918: 0
    rs1_val==0 and rs2_val==-46340: 0
    rs1_val==0 and rs2_val==46340: 0
    rs1_val==0 and rs2_val==2: 0
    rs1_val==0 and rs2_val==1431655764: 0
    rs1_val==0 and rs2_val==858993458: 0
    rs1_val==0 and rs2_val==1717986917: 0
    rs1_val==0 and rs2_val==0: 0
    rs1_val==0 and rs2_val==46339: 0
    rs1_val==0 and rs2_val==4: 0
    rs1_val==0 and rs2_val==1431655766: 0
    rs1_val==0 and rs2_val==-1431655765: 0
    rs1_val==0 and rs2_val==6: 0
    rs1_val==0 and rs2_val==858993460: 0
    rs1_val==0 and rs2_val==1717986919: 0
    rs1_val==0 and rs2_val==-46339: 0
    rs1_val==0 and rs2_val==46341: 0
    rs1_val==46339 and rs2_val==3: 0
    rs1_val==46339 and rs2_val==1431655765: 0
    rs1_val==46339 and rs2_val==-1431655766: 0
    rs1_val==46339 and rs2_val==5: 0
    rs1_val==46339 and rs2_val==858993459: 0
    rs1_val==46339 and rs2_val==1717986918: 0
    rs1_val==46339 and rs2_val==-46340: 0
    rs1_val==46339 and rs2_val==46340: 0
    rs1_val==46339 and rs2_val==2: 0
    rs1_val==46339 and rs2_val==1431655764: 0
    rs1_val==46339 and rs2_val==858993458: 0
    rs1_val==46339 and rs2_val==1717986917: 0
    rs1_val==46339 and rs2_val==0: 0
    rs1_val==46339 and rs2_val==46339: 0
    rs1_val==46339 and rs2_val==4: 0
    rs1_val==46339 and rs2_val==1431655766: 0
    rs1_val==46339 and rs2_val==-1431655765: 0
    rs1_val==46339 and rs2_val==6: 0
    rs1_val==46339 and rs2_val==858993460: 0
    rs1_val==46339 and rs2_val==1717986919: 0
    rs1_val==46339 and rs2_val==-46339: 0
    rs1_val==46339 and rs2_val==46341: 0
    rs1_val==4 and rs2_val==3: 0
    rs1_val==4 and rs2_val==1431655765: 0
    rs1_val==4 and rs2_val==-1431655766: 0
    rs1_val==4 and rs2_val==5: 0
    rs1_val==4 and rs2_val==858993459: 0
    rs1_val==4 and rs2_val==1717986918: 0
    rs1_val==4 and rs2_val==-46340: 0
    rs1_val==4 and rs2_val==46340: 0
    rs1_val==4 and rs2_val==2: 0
    rs1_val==4 and rs2_val==1431655764: 0
    rs1_val==4 and rs2_val==858993458: 0
    rs1_val==4 and rs2_val==1717986917: 0
    rs1_val==4 and rs2_val==0: 0
    rs1_val==4 and rs2_val==46339: 0
    rs1_val==4 and rs2_val==4: 0
    rs1_val==4 and rs2_val==1431655766: 0
    rs1_val==4 and rs2_val==-1431655765: 0
    rs1_val==4 and rs2_val==6: 0
    rs1_val==4 and rs2_val==858993460: 0
    rs1_val==4 and rs2_val==1717986919: 0
    rs1_val==4 and rs2_val==-46339: 0
    rs1_val==4 and rs2_val==46341: 0
    rs1_val==1431655766 and rs2_val==3: 0
    rs1_val==1431655766 and rs2_val==1431655765: 0
    rs1_val==1431655766 and rs2_val==-1431655766: 0
    rs1_val==1431655766 and rs2_val==5: 0
    rs1_val==1431655766 and rs2_val==858993459: 0
    rs1_val==1431655766 and rs2_val==1717986918: 0
    rs1_val==1431655766 and rs2_val==-46340: 0
    rs1_val==1431655766 and rs2_val==46340: 0
    rs1_val==1431655766 and rs2_val==2: 0
    rs1_val==1431655766 and rs2_val==1431655764: 0
    rs1_val==1431655766 and rs2_val==858993458: 0
    rs1_val==1431655766 and rs2_val==1717986917: 0
    rs1_val==1431655766 and rs2_val==0: 0
    rs1_val==1431655766 and rs2_val==46339: 0
    rs1_val==1431655766 and rs2_val==4: 0
    rs1_val==1431655766 and rs2_val==1431655766: 0
    rs1_val==1431655766 and rs2_val==-1431655765: 0
    rs1_val==1431655766 and rs2_val==6: 0
    rs1_val==1431655766 and rs2_val==858993460: 0
    rs1_val==1431655766 and rs2_val==1717986919: 0
    rs1_val==1431655766 and rs2_val==-46339: 0
    rs1_val==1431655766 and rs2_val==46341: 0
    rs1_val==-1431655765 and rs2_val==3: 0
    rs1_val==-1431655765 and rs2_val==1431655765: 0
    rs1_val==-1431655765 and rs2_val==-1431655766: 0
    rs1_val==-1431655765 and rs2_val==5: 0
    rs1_val==-1431655765 and rs2_val==858993459: 0
    rs1_val==-1431655765 and rs2_val==1717986918: 0
    rs1_val==-1431655765 and rs2_val==-46340: 0
    rs1_val==-1431655765 and rs2_val==46340: 0
    rs1_val==-1431655765 and rs2_val==2: 0
    rs1_val==-1431655765 and rs2_val==1431655764: 0
    rs1_val==-1431655765 and rs2_val==858993458: 0
    rs1_val==-1431655765 and rs2_val==1717986917: 0
    rs1_val==-1431655765 and rs2_val==0: 0
    rs1_val==-1431655765 and rs2_val==46339: 0
    rs1_val==-1431655765 and rs2_val==4: 0
    rs1_val==-1431655765 and rs2_val==1431655766: 0
    rs1_val==-1431655765 and rs2_val==-1431655765: 0
    rs1_val==-1431655765 and rs2_val==6: 0
    rs1_val==-1431655765 and rs2_val==858993460: 0
    rs1_val==-1431655765 and rs2_val==1717986919: 0
    rs1_val==-1431655765 and rs2_val==-46339: 0
    rs1_val==-1431655765 and rs2_val==46341: 0
    rs1_val==6 and rs2_val==3: 0
    rs1_val==6 and rs2_val==1431655765: 0
    rs1_val==6 and rs2_val==-1431655766: 0
    rs1_val==6 and rs2_val==5: 0
    rs1_val==6 and rs2_val==858993459: 0
    rs1_val==6 and rs2_val==1717986918: 0
    rs1_val==6 and rs2_val==-46340: 0
    rs1_val==6 and rs2_val==46340: 0
    rs1_val==6 and rs2_val==2: 0
    rs1_val==6 and rs2_val==1431655764: 0
    rs1_val==6 and rs2_val==858993458: 0
    rs1_val==6 and rs2_val==1717986917: 0
    rs1_val==6 and rs2_val==0: 0
    rs1_val==6 and rs2_val==46339: 0
    rs1_val==6 and rs2_val==4: 0
    rs1_val==6 and rs2_val==1431655766: 0
    rs1_val==6 and rs2_val==-1431655765: 0
    rs1_val==6 and rs2_val==6: 0
    rs1_val==6 and rs2_val==858993460: 0
    rs1_val==6 and rs2_val==1717986919: 0
    rs1_val==6 and rs2_val==-46339: 0
    rs1_val==6 and rs2_val==46341: 0
    rs1_val==858993460 and rs2_val==3: 0
    rs1_val==858993460 and rs2_val==1431655765: 0
    rs1_val==858993460 and rs2_val==-1431655766: 0
    rs1_val==858993460 and rs2_val==5: 0
    rs1_val==858993460 and rs2_val==858993459: 0
    rs1_val==858993460 and rs2_val==1717986918: 0
    rs1_val==858993460 and rs2_val==-46340: 0
    rs1_val==858993460 and rs2_val==46340: 0
    rs1_val==858993460 and rs2_val==2: 0
    rs1_val==858993460 and rs2_val==1431655764: 0
    rs1_val==858993460 and rs2_val==858993458: 0
    rs1_val==858993460 and rs2_val==1717986917: 0
    rs1_val==858993460 and rs2_val==0: 0
    rs1_val==858993460 and rs2_val==46339: 0
    rs1_val==858993460 and rs2_val==4: 0
    rs1_val==858993460 and rs2_val==1431655766: 0
    rs1_val==858993460 and rs2_val==-1431655765: 0
    rs1_val==858993460 and rs2_val==6: 0
    rs1_val==858993460 and rs2_val==858993460: 0
    rs1_val==858993460 and rs2_val==1717986919: 0
    rs1_val==858993460 and rs2_val==-46339: 0
    rs1_val==858993460 and rs2_val==46341: 0
    rs1_val==1717986919 and rs2_val==3: 0
    rs1_val==1717986919 and rs2_val==1431655765: 0
    rs1_val==1717986919 and rs2_val==-1431655766: 0
    rs1_val==1717986919 and rs2_val==5: 0
    rs1_val==1717986919 and rs2_val==858993459: 0
    rs1_val==1717986919 and rs2_val==1717986918: 0
    rs1_val==1717986919 and rs2_val==-46340: 0
    rs1_val==1717986919 and rs2_val==46340: 0
    rs1_val==1717986919 and rs2_val==2: 0
    rs1_val==1717986919 and rs2_val==1431655764: 0
    rs1_val==1717986919 and rs2_val==858993458: 0
    rs1_val==1717986919 and rs2_val==1717986917: 0
    rs1_val==1717986919 and rs2_val==0: 0
    rs1_val==1717986919 and rs2_val==46339: 0
    rs1_val==1717986919 and rs2_val==4: 0
    rs1_val==1717986919 and rs2_val==1431655766: 0
    rs1_val==1717986919 and rs2_val==-1431655765: 0
    rs1_val==1717986919 and rs2_val==6: 0
    rs1_val==1717986919 and rs2_val==858993460: 0
    rs1_val==1717986919 and rs2_val==1717986919: 0
    rs1_val==1717986919 and rs2_val==-46339: 0
    rs1_val==1717986919 and rs2_val==46341: 0
    rs1_val==-46339 and rs2_val==3: 0
    rs1_val==-46339 and rs2_val==1431655765: 0
    rs1_val==-46339 and rs2_val==-1431655766: 0
    rs1_val==-46339 and rs2_val==5: 0
    rs1_val==-46339 and rs2_val==858993459: 0
    rs1_val==-46339 and rs2_val==1717986918: 0
    rs1_val==-46339 and rs2_val==-46340: 0
    rs1_val==-46339 and rs2_val==46340: 0
    rs1_val==-46339 and rs2_val==2: 0
    rs1_val==-46339 and rs2_val==1431655764: 0
    rs1_val==-46339 and rs2_val==858993458: 0
    rs1_val==-46339 and rs2_val==1717986917: 0
    rs1_val==-46339 and rs2_val==0: 0
    rs1_val==-46339 and rs2_val==46339: 0
    rs1_val==-46339 and rs2_val==4: 0
    rs1_val==-46339 and rs2_val==1431655766: 0
    rs1_val==-46339 and rs2_val==-1431655765: 0
    rs1_val==-46339 and rs2_val==6: 0
    rs1_val==-46339 and rs2_val==858993460: 0
    rs1_val==-46339 and rs2_val==1717986919: 0
    rs1_val==-46339 and rs2_val==-46339: 0
    rs1_val==-46339 and rs2_val==46341: 0
    rs1_val==46341 and rs2_val==3: 0
    rs1_val==46341 and rs2_val==1431655765: 0
    rs1_val==46341 and rs2_val==-1431655766: 0
    rs1_val==46341 and rs2_val==5: 0
    rs1_val==46341 and rs2_val==858993459: 0
    rs1_val==46341 and rs2_val==1717986918: 0
    rs1_val==46341 and rs2_val==-46340: 0
    rs1_val==46341 and rs2_val==46340: 0
    rs1_val==46341 and rs2_val==2: 0
    rs1_val==46341 and rs2_val==1431655764: 0
    rs1_val==46341 and rs2_val==858993458: 0
    rs1_val==46341 and rs2_val==1717986917: 0
    rs1_val==46341 and rs2_val==0: 0
    rs1_val==46341 and rs2_val==46339: 0
    rs1_val==46341 and rs2_val==4: 0
    rs1_val==46341 and rs2_val==1431655766: 0
    rs1_val==46341 and rs2_val==-1431655765: 0
    rs1_val==46341 and rs2_val==6: 0
    rs1_val==46341 and rs2_val==858993460: 0
    rs1_val==46341 and rs2_val==1717986919: 0
    rs1_val==46341 and rs2_val==-46339: 0
    rs1_val==46341 and rs2_val==46341: 0
    coverage: 0/628
  total_coverage: 0/730
